d:\projects\imageload\windowsproject1\debug\windowsproject1.pch
d:\projects\imageload\windowsproject1\debug\vc140.pdb
d:\projects\imageload\windowsproject1\debug\vc140.idb
d:\projects\imageload\windowsproject1\debug\stdafx.obj
d:\projects\imageload\windowsproject1\debug\gamenode.obj
d:\projects\imageload\windowsproject1\debug\image.obj
d:\projects\imageload\windowsproject1\debug\keymanager.obj
d:\projects\imageload\windowsproject1\debug\maingame.obj
d:\projects\imageload\windowsproject1\debug\winmain.obj
c:\users\user\documents\visual studio 2015\projects\imageload(logo+bgr)_other_class\windowsproject1\debug\windowsproject1.pch
c:\users\user\documents\visual studio 2015\projects\imageload(logo+bgr)_other_class\windowsproject1\debug\vc140.pdb
c:\users\user\documents\visual studio 2015\projects\imageload(logo+bgr)_other_class\windowsproject1\debug\vc140.idb
c:\users\user\documents\visual studio 2015\projects\imageload(logo+bgr)_other_class\windowsproject1\debug\stdafx.obj
c:\users\user\documents\visual studio 2015\projects\imageload(logo+bgr)_other_class\windowsproject1\debug\gamenode.obj
c:\users\user\documents\visual studio 2015\projects\imageload(logo+bgr)_other_class\windowsproject1\debug\game_opening.obj
c:\users\user\documents\visual studio 2015\projects\imageload(logo+bgr)_other_class\windowsproject1\debug\image.obj
c:\users\user\documents\visual studio 2015\projects\imageload(logo+bgr)_other_class\windowsproject1\debug\keymanager.obj
c:\users\user\documents\visual studio 2015\projects\imageload(logo+bgr)_other_class\windowsproject1\debug\maingame.obj
c:\users\user\documents\visual studio 2015\projects\imageload(logo+bgr)_other_class\windowsproject1\debug\winmain.obj
c:\users\user\documents\visual studio 2015\projects\imageload(logo+bgr)_other_class\windowsproject1\debug\field_1.obj
c:\users\user\documents\visual studio 2015\projects\imageload(logo+bgr)_other_class\windowsproject1\debug\maincharacter.obj
d:\projects\imageload\debug\windowsproject1.ilk
d:\projects\imageload\debug\windowsproject1.exe
d:\projects\imageload\debug\windowsproject1.pdb
c:\users\user\documents\visual studio 2015\projects\imageload(logo+bgr)_other_class\debug\windowsproject1.ilk
c:\users\user\documents\visual studio 2015\projects\imageload(logo+bgr)_other_class\debug\windowsproject1.exe
c:\users\user\documents\visual studio 2015\projects\imageload(logo+bgr)_other_class\debug\windowsproject1.pdb
c:\users\user\documents\visual studio 2015\projects\imageload(logo+bgr)_other_class\windowsproject1\debug\maingame.obj.enc
c:\users\user\documents\visual studio 2015\projects\imageload(logo+bgr)_other_class\windowsproject1\debug\windowsproject1.tlog\cl.command.1.tlog
c:\users\user\documents\visual studio 2015\projects\imageload(logo+bgr)_other_class\windowsproject1\debug\windowsproject1.tlog\cl.read.1.tlog
c:\users\user\documents\visual studio 2015\projects\imageload(logo+bgr)_other_class\windowsproject1\debug\windowsproject1.tlog\cl.write.1.tlog
c:\users\user\documents\visual studio 2015\projects\imageload(logo+bgr)_other_class\windowsproject1\debug\windowsproject1.tlog\link.command.1.tlog
c:\users\user\documents\visual studio 2015\projects\imageload(logo+bgr)_other_class\windowsproject1\debug\windowsproject1.tlog\link.read.1.tlog
c:\users\user\documents\visual studio 2015\projects\imageload(logo+bgr)_other_class\windowsproject1\debug\windowsproject1.tlog\link.write.1.tlog
