  stdafx.cpp
c:\users\user\documents\visual studio 2015\projects\imageload(logo+bgr)_other_class\windowsproject1\image.h(122): warning C4244: '인수': 'float'에서 'int'(으)로 변환하면서 데이터가 손실될 수 있습니다.
  winMain.cpp
c:\users\user\documents\visual studio 2015\projects\imageload(logo+bgr)_other_class\windowsproject1\winmain.cpp(84): warning C4244: 'return': 'WPARAM'에서 'int'(으)로 변환하면서 데이터가 손실될 수 있습니다.
  mainGame.cpp
c:\users\user\documents\visual studio 2015\projects\imageload(logo+bgr)_other_class\windowsproject1\maingame.cpp(67): warning C4244: '-=': 'float'에서 'LONG'(으)로 변환하면서 데이터가 손실될 수 있습니다.
c:\users\user\documents\visual studio 2015\projects\imageload(logo+bgr)_other_class\windowsproject1\maingame.cpp(68): warning C4244: '-=': 'float'에서 'LONG'(으)로 변환하면서 데이터가 손실될 수 있습니다.
c:\users\user\documents\visual studio 2015\projects\imageload(logo+bgr)_other_class\windowsproject1\maingame.cpp(71): warning C4244: '+=': 'float'에서 'LONG'(으)로 변환하면서 데이터가 손실될 수 있습니다.
c:\users\user\documents\visual studio 2015\projects\imageload(logo+bgr)_other_class\windowsproject1\maingame.cpp(72): warning C4244: '+=': 'float'에서 'LONG'(으)로 변환하면서 데이터가 손실될 수 있습니다.
c:\users\user\documents\visual studio 2015\projects\imageload(logo+bgr)_other_class\windowsproject1\maingame.cpp(79): warning C4244: '+=': 'float'에서 'LONG'(으)로 변환하면서 데이터가 손실될 수 있습니다.
c:\users\user\documents\visual studio 2015\projects\imageload(logo+bgr)_other_class\windowsproject1\maingame.cpp(80): warning C4244: '+=': 'float'에서 'LONG'(으)로 변환하면서 데이터가 손실될 수 있습니다.
c:\users\user\documents\visual studio 2015\projects\imageload(logo+bgr)_other_class\windowsproject1\maingame.cpp(83): warning C4244: '-=': 'float'에서 'LONG'(으)로 변환하면서 데이터가 손실될 수 있습니다.
c:\users\user\documents\visual studio 2015\projects\imageload(logo+bgr)_other_class\windowsproject1\maingame.cpp(84): warning C4244: '-=': 'float'에서 'LONG'(으)로 변환하면서 데이터가 손실될 수 있습니다.
c:\users\user\documents\visual studio 2015\projects\imageload(logo+bgr)_other_class\windowsproject1\maingame.cpp(91): warning C4244: '-=': 'float'에서 'LONG'(으)로 변환하면서 데이터가 손실될 수 있습니다.
c:\users\user\documents\visual studio 2015\projects\imageload(logo+bgr)_other_class\windowsproject1\maingame.cpp(92): warning C4244: '-=': 'float'에서 'LONG'(으)로 변환하면서 데이터가 손실될 수 있습니다.
c:\users\user\documents\visual studio 2015\projects\imageload(logo+bgr)_other_class\windowsproject1\maingame.cpp(95): warning C4244: '+=': 'float'에서 'LONG'(으)로 변환하면서 데이터가 손실될 수 있습니다.
c:\users\user\documents\visual studio 2015\projects\imageload(logo+bgr)_other_class\windowsproject1\maingame.cpp(96): warning C4244: '+=': 'float'에서 'LONG'(으)로 변환하면서 데이터가 손실될 수 있습니다.
c:\users\user\documents\visual studio 2015\projects\imageload(logo+bgr)_other_class\windowsproject1\maingame.cpp(103): warning C4244: '+=': 'float'에서 'LONG'(으)로 변환하면서 데이터가 손실될 수 있습니다.
c:\users\user\documents\visual studio 2015\projects\imageload(logo+bgr)_other_class\windowsproject1\maingame.cpp(104): warning C4244: '+=': 'float'에서 'LONG'(으)로 변환하면서 데이터가 손실될 수 있습니다.
c:\users\user\documents\visual studio 2015\projects\imageload(logo+bgr)_other_class\windowsproject1\maingame.cpp(107): warning C4244: '-=': 'float'에서 'LONG'(으)로 변환하면서 데이터가 손실될 수 있습니다.
c:\users\user\documents\visual studio 2015\projects\imageload(logo+bgr)_other_class\windowsproject1\maingame.cpp(108): warning C4244: '-=': 'float'에서 'LONG'(으)로 변환하면서 데이터가 손실될 수 있습니다.
  mainCharacter.cpp
c:\users\user\documents\visual studio 2015\projects\imageload(logo+bgr)_other_class\windowsproject1\maincharacter.cpp(16): warning C4244: '인수': 'double'에서 'int'(으)로 변환하면서 데이터가 손실될 수 있습니다.
c:\users\user\documents\visual studio 2015\projects\imageload(logo+bgr)_other_class\windowsproject1\maincharacter.cpp(18): warning C4244: '인수': 'double'에서 'int'(으)로 변환하면서 데이터가 손실될 수 있습니다.
c:\users\user\documents\visual studio 2015\projects\imageload(logo+bgr)_other_class\windowsproject1\maincharacter.cpp(20): warning C4244: '인수': 'double'에서 'int'(으)로 변환하면서 데이터가 손실될 수 있습니다.
  keyManager.cpp
  image.cpp
c:\users\user\documents\visual studio 2015\projects\imageload(logo+bgr)_other_class\windowsproject1\image.cpp(129): error C2664: 'HANDLE LoadImageW(HINSTANCE,LPCWSTR,UINT,int,int,UINT)': 인수 2을(를) 'const char *'에서 'LPCWSTR'(으)로 변환할 수 없습니다.
  c:\users\user\documents\visual studio 2015\projects\imageload(logo+bgr)_other_class\windowsproject1\image.cpp(129): note: 가리킨 형식이 관련이 없습니다. 변환하려면 reinterpret_cast, C 스타일 캐스트 또는 함수 스타일 캐스트가 필요합니다.
c:\users\user\documents\visual studio 2015\projects\imageload(logo+bgr)_other_class\windowsproject1\image.cpp(136): warning C4267: '초기화 중': 'size_t'에서 'int'(으)로 변환하면서 데이터가 손실될 수 있습니다.
c:\users\user\documents\visual studio 2015\projects\imageload(logo+bgr)_other_class\windowsproject1\image.cpp(175): error C2664: 'HANDLE LoadImageW(HINSTANCE,LPCWSTR,UINT,int,int,UINT)': 인수 2을(를) 'const char *'에서 'LPCWSTR'(으)로 변환할 수 없습니다.
  c:\users\user\documents\visual studio 2015\projects\imageload(logo+bgr)_other_class\windowsproject1\image.cpp(175): note: 가리킨 형식이 관련이 없습니다. 변환하려면 reinterpret_cast, C 스타일 캐스트 또는 함수 스타일 캐스트가 필요합니다.
c:\users\user\documents\visual studio 2015\projects\imageload(logo+bgr)_other_class\windowsproject1\image.cpp(178): warning C4244: '=': 'int'에서 'float'(으)로 변환하면서 데이터가 손실될 수 있습니다.
c:\users\user\documents\visual studio 2015\projects\imageload(logo+bgr)_other_class\windowsproject1\image.cpp(179): warning C4244: '=': 'int'에서 'float'(으)로 변환하면서 데이터가 손실될 수 있습니다.
c:\users\user\documents\visual studio 2015\projects\imageload(logo+bgr)_other_class\windowsproject1\image.cpp(188): warning C4267: '초기화 중': 'size_t'에서 'int'(으)로 변환하면서 데이터가 손실될 수 있습니다.
c:\users\user\documents\visual studio 2015\projects\imageload(logo+bgr)_other_class\windowsproject1\image.cpp(227): error C2664: 'HANDLE LoadImageW(HINSTANCE,LPCWSTR,UINT,int,int,UINT)': 인수 2을(를) 'const char *'에서 'LPCWSTR'(으)로 변환할 수 없습니다.
  c:\users\user\documents\visual studio 2015\projects\imageload(logo+bgr)_other_class\windowsproject1\image.cpp(227): note: 가리킨 형식이 관련이 없습니다. 변환하려면 reinterpret_cast, C 스타일 캐스트 또는 함수 스타일 캐스트가 필요합니다.
c:\users\user\documents\visual studio 2015\projects\imageload(logo+bgr)_other_class\windowsproject1\image.cpp(238): warning C4267: '초기화 중': 'size_t'에서 'int'(으)로 변환하면서 데이터가 손실될 수 있습니다.
  Game_Opening.cpp
c:\users\user\documents\visual studio 2015\projects\imageload(logo+bgr)_other_class\windowsproject1\game_opening.cpp(21): warning C4244: '인수': 'double'에서 'int'(으)로 변환하면서 데이터가 손실될 수 있습니다.
c:\users\user\documents\visual studio 2015\projects\imageload(logo+bgr)_other_class\windowsproject1\game_opening.cpp(30): warning C4244: '인수': 'double'에서 'int'(으)로 변환하면서 데이터가 손실될 수 있습니다.
c:\users\user\documents\visual studio 2015\projects\imageload(logo+bgr)_other_class\windowsproject1\game_opening.cpp(86): warning C4244: '인수': 'float'에서 'int'(으)로 변환하면서 데이터가 손실될 수 있습니다.
c:\users\user\documents\visual studio 2015\projects\imageload(logo+bgr)_other_class\windowsproject1\game_opening.cpp(87): warning C4244: '인수': 'float'에서 'int'(으)로 변환하면서 데이터가 손실될 수 있습니다.
c:\users\user\documents\visual studio 2015\projects\imageload(logo+bgr)_other_class\windowsproject1\game_opening.cpp(96): error C2664: 'HFONT CreateFontW(int,int,int,int,int,DWORD,DWORD,DWORD,DWORD,DWORD,DWORD,DWORD,DWORD,LPCWSTR)': 인수 14을(를) 'const char [11]'에서 'LPCWSTR'(으)로 변환할 수 없습니다.
  c:\users\user\documents\visual studio 2015\projects\imageload(logo+bgr)_other_class\windowsproject1\game_opening.cpp(96): note: 가리킨 형식이 관련이 없습니다. 변환하려면 reinterpret_cast, C 스타일 캐스트 또는 함수 스타일 캐스트가 필요합니다.
c:\users\user\documents\visual studio 2015\projects\imageload(logo+bgr)_other_class\windowsproject1\game_opening.cpp(104): error C2664: 'int DrawTextW(HDC,LPCWSTR,int,LPRECT,UINT)': 인수 2을(를) 'char [71]'에서 'LPCWSTR'(으)로 변환할 수 없습니다.
  c:\users\user\documents\visual studio 2015\projects\imageload(logo+bgr)_other_class\windowsproject1\game_opening.cpp(104): note: 가리킨 형식이 관련이 없습니다. 변환하려면 reinterpret_cast, C 스타일 캐스트 또는 함수 스타일 캐스트가 필요합니다.
c:\users\user\documents\visual studio 2015\projects\imageload(logo+bgr)_other_class\windowsproject1\game_opening.cpp(109): error C2664: 'int DrawTextW(HDC,LPCWSTR,int,LPRECT,UINT)': 인수 2을(를) 'char [72]'에서 'LPCWSTR'(으)로 변환할 수 없습니다.
  c:\users\user\documents\visual studio 2015\projects\imageload(logo+bgr)_other_class\windowsproject1\game_opening.cpp(109): note: 가리킨 형식이 관련이 없습니다. 변환하려면 reinterpret_cast, C 스타일 캐스트 또는 함수 스타일 캐스트가 필요합니다.
  gameNode.cpp
  Field_1.cpp
c:\users\user\documents\visual studio 2015\projects\imageload(logo+bgr)_other_class\windowsproject1\field_1.cpp(55): warning C4244: '인수': 'float'에서 'int'(으)로 변환하면서 데이터가 손실될 수 있습니다.
c:\users\user\documents\visual studio 2015\projects\imageload(logo+bgr)_other_class\windowsproject1\field_1.cpp(58): error C2664: 'HFONT CreateFontW(int,int,int,int,int,DWORD,DWORD,DWORD,DWORD,DWORD,DWORD,DWORD,DWORD,LPCWSTR)': 인수 14을(를) 'const char [11]'에서 'LPCWSTR'(으)로 변환할 수 없습니다.
  c:\users\user\documents\visual studio 2015\projects\imageload(logo+bgr)_other_class\windowsproject1\field_1.cpp(58): note: 가리킨 형식이 관련이 없습니다. 변환하려면 reinterpret_cast, C 스타일 캐스트 또는 함수 스타일 캐스트가 필요합니다.
c:\users\user\documents\visual studio 2015\projects\imageload(logo+bgr)_other_class\windowsproject1\field_1.cpp(63): error C2664: 'int DrawTextW(HDC,LPCWSTR,int,LPRECT,UINT)': 인수 2을(를) 'char [48]'에서 'LPCWSTR'(으)로 변환할 수 없습니다.
  c:\users\user\documents\visual studio 2015\projects\imageload(logo+bgr)_other_class\windowsproject1\field_1.cpp(63): note: 가리킨 형식이 관련이 없습니다. 변환하려면 reinterpret_cast, C 스타일 캐스트 또는 함수 스타일 캐스트가 필요합니다.
  코드를 생성하고 있습니다...
